<?xml version="1.0" encoding="UTF-8"?>
<testsuite xmlns:xsi="http://www.w3.org/2001/XMLSchema-instance" xsi:noNamespaceSchemaLocation="https://maven.apache.org/surefire/maven-surefire-plugin/xsd/surefire-test-report.xsd" name="com.monash.testcases.TicketCollectionTest" time="0.066" tests="3" errors="0" skipped="0" failures="0">
  <properties>
[...]
</properties>
  <testcase name="testGetTicketInfo_validTicketId_success" classname="com.monash.testcases.TicketCollectionTest" time="0.058"/>
  <testcase name="testGetTicketInfo_invalidTicketId_null" classname="com.monash.testcases.TicketCollectionTest" time="0.003"/>
  <testcase name="testAddTicket_validTicket_success" classname="com.monash.testcases.TicketCollectionTest" time="0.002"/>
</testsuite>